Analysis & Elaboration report for EE_309_PROJECT
Tue May 07 20:35:12 2024
Quartus Prime Version 18.1.0 Build 625 09/12/2018 SJ Lite Edition


---------------------
; Table of Contents ;
---------------------
  1. Legal Notice
  2. Analysis & Elaboration Summary
  3. Parallel Compilation
  4. Analysis & Elaboration Settings
  5. Analysis & Elaboration Messages



----------------
; Legal Notice ;
----------------
Copyright (C) 2018  Intel Corporation. All rights reserved.
Your use of Intel Corporation's design tools, logic functions 
and other software and tools, and its AMPP partner logic 
functions, and any output files from any of the foregoing 
(including device programming or simulation files), and any 
associated documentation or information are expressly subject 
to the terms and conditions of the Intel Program License 
Subscription Agreement, the Intel Quartus Prime License Agreement,
the Intel FPGA IP License Agreement, or other applicable license
agreement, including, without limitation, that your use is for
the sole purpose of programming logic devices manufactured by
Intel and sold by Intel or its authorized distributors.  Please
refer to the applicable agreement for further details.



+----------------------------------------------------------------------------------+
; Analysis & Elaboration Summary                                                   ;
+------------------------------------+---------------------------------------------+
; Analysis & Elaboration Status      ; Failed - Tue May 07 20:35:12 2024           ;
; Quartus Prime Version              ; 18.1.0 Build 625 09/12/2018 SJ Lite Edition ;
; Revision Name                      ; EE_309_PROJECT                              ;
; Top-level Entity Name              ; pipeline_1                                  ;
; Family                             ; MAX 10                                      ;
; Total logic elements               ; N/A until Partition Merge                   ;
;     Total combinational functions  ; N/A until Partition Merge                   ;
;     Dedicated logic registers      ; N/A until Partition Merge                   ;
; Total registers                    ; N/A until Partition Merge                   ;
; Total pins                         ; N/A until Partition Merge                   ;
; Total virtual pins                 ; N/A until Partition Merge                   ;
; Total memory bits                  ; N/A until Partition Merge                   ;
; Embedded Multiplier 9-bit elements ; N/A until Partition Merge                   ;
; Total PLLs                         ; N/A until Partition Merge                   ;
; UFM blocks                         ; N/A until Partition Merge                   ;
; ADC blocks                         ; N/A until Partition Merge                   ;
+------------------------------------+---------------------------------------------+


+------------------------------------------+
; Parallel Compilation                     ;
+----------------------------+-------------+
; Processors                 ; Number      ;
+----------------------------+-------------+
; Number detected on machine ; 16          ;
; Maximum allowed            ; 16          ;
;                            ;             ;
; Average used               ; 1.00        ;
; Maximum used               ; 1           ;
;                            ;             ;
; Usage by Processor         ; % Time Used ;
;     Processor 1            ; 100.0%      ;
+----------------------------+-------------+


+------------------------------------------------------------------------------------------------------------+
; Analysis & Elaboration Settings                                                                            ;
+------------------------------------------------------------------+--------------------+--------------------+
; Option                                                           ; Setting            ; Default Value      ;
+------------------------------------------------------------------+--------------------+--------------------+
; Device                                                           ; 10M25SAE144C8G     ;                    ;
; Top-level entity name                                            ; pipeline_1         ; EE_309_PROJECT     ;
; Family name                                                      ; MAX 10             ; Cyclone V          ;
; Use smart compilation                                            ; Off                ; Off                ;
; Enable parallel Assembler and Timing Analyzer during compilation ; On                 ; On                 ;
; Enable compact report table                                      ; Off                ; Off                ;
; Restructure Multiplexers                                         ; Auto               ; Auto               ;
; Create Debugging Nodes for IP Cores                              ; Off                ; Off                ;
; Preserve fewer node names                                        ; On                 ; On                 ;
; Intel FPGA IP Evaluation Mode                                    ; Enable             ; Enable             ;
; Verilog Version                                                  ; Verilog_2001       ; Verilog_2001       ;
; VHDL Version                                                     ; VHDL_1993          ; VHDL_1993          ;
; State Machine Processing                                         ; Auto               ; Auto               ;
; Safe State Machine                                               ; Off                ; Off                ;
; Extract Verilog State Machines                                   ; On                 ; On                 ;
; Extract VHDL State Machines                                      ; On                 ; On                 ;
; Ignore Verilog initial constructs                                ; Off                ; Off                ;
; Iteration limit for constant Verilog loops                       ; 5000               ; 5000               ;
; Iteration limit for non-constant Verilog loops                   ; 250                ; 250                ;
; Add Pass-Through Logic to Inferred RAMs                          ; On                 ; On                 ;
; Infer RAMs from Raw Logic                                        ; On                 ; On                 ;
; Parallel Synthesis                                               ; On                 ; On                 ;
; DSP Block Balancing                                              ; Auto               ; Auto               ;
; NOT Gate Push-Back                                               ; On                 ; On                 ;
; Power-Up Don't Care                                              ; On                 ; On                 ;
; Remove Redundant Logic Cells                                     ; Off                ; Off                ;
; Remove Duplicate Registers                                       ; On                 ; On                 ;
; Ignore CARRY Buffers                                             ; Off                ; Off                ;
; Ignore CASCADE Buffers                                           ; Off                ; Off                ;
; Ignore GLOBAL Buffers                                            ; Off                ; Off                ;
; Ignore ROW GLOBAL Buffers                                        ; Off                ; Off                ;
; Ignore LCELL Buffers                                             ; Off                ; Off                ;
; Ignore SOFT Buffers                                              ; On                 ; On                 ;
; Limit AHDL Integers to 32 Bits                                   ; Off                ; Off                ;
; Optimization Technique                                           ; Balanced           ; Balanced           ;
; Carry Chain Length                                               ; 70                 ; 70                 ;
; Auto Carry Chains                                                ; On                 ; On                 ;
; Auto Open-Drain Pins                                             ; On                 ; On                 ;
; Perform WYSIWYG Primitive Resynthesis                            ; Off                ; Off                ;
; Auto ROM Replacement                                             ; On                 ; On                 ;
; Auto RAM Replacement                                             ; On                 ; On                 ;
; Auto DSP Block Replacement                                       ; On                 ; On                 ;
; Auto Shift Register Replacement                                  ; Auto               ; Auto               ;
; Allow Shift Register Merging across Hierarchies                  ; Auto               ; Auto               ;
; Auto Clock Enable Replacement                                    ; On                 ; On                 ;
; Strict RAM Replacement                                           ; Off                ; Off                ;
; Allow Synchronous Control Signals                                ; On                 ; On                 ;
; Force Use of Synchronous Clear Signals                           ; Off                ; Off                ;
; Auto RAM Block Balancing                                         ; On                 ; On                 ;
; Auto RAM to Logic Cell Conversion                                ; Off                ; Off                ;
; Auto Resource Sharing                                            ; Off                ; Off                ;
; Allow Any RAM Size For Recognition                               ; Off                ; Off                ;
; Allow Any ROM Size For Recognition                               ; Off                ; Off                ;
; Allow Any Shift Register Size For Recognition                    ; Off                ; Off                ;
; Use LogicLock Constraints during Resource Balancing              ; On                 ; On                 ;
; Ignore translate_off and synthesis_off directives                ; Off                ; Off                ;
; Timing-Driven Synthesis                                          ; On                 ; On                 ;
; Report Parameter Settings                                        ; On                 ; On                 ;
; Report Source Assignments                                        ; On                 ; On                 ;
; Report Connectivity Checks                                       ; On                 ; On                 ;
; Ignore Maximum Fan-Out Assignments                               ; Off                ; Off                ;
; Synchronization Register Chain Length                            ; 2                  ; 2                  ;
; Power Optimization During Synthesis                              ; Normal compilation ; Normal compilation ;
; HDL message level                                                ; Level2             ; Level2             ;
; Suppress Register Optimization Related Messages                  ; Off                ; Off                ;
; Number of Removed Registers Reported in Synthesis Report         ; 5000               ; 5000               ;
; Number of Swept Nodes Reported in Synthesis Report               ; 5000               ; 5000               ;
; Number of Inverted Registers Reported in Synthesis Report        ; 100                ; 100                ;
; Clock MUX Protection                                             ; On                 ; On                 ;
; Auto Gated Clock Conversion                                      ; Off                ; Off                ;
; Block Design Naming                                              ; Auto               ; Auto               ;
; SDC constraint protection                                        ; Off                ; Off                ;
; Synthesis Effort                                                 ; Auto               ; Auto               ;
; Shift Register Replacement - Allow Asynchronous Clear Signal     ; On                 ; On                 ;
; Pre-Mapping Resynthesis Optimization                             ; Off                ; Off                ;
; Analysis & Synthesis Message Level                               ; Medium             ; Medium             ;
; Disable Register Merging Across Hierarchies                      ; Auto               ; Auto               ;
; Resource Aware Inference For Block RAM                           ; On                 ; On                 ;
+------------------------------------------------------------------+--------------------+--------------------+


+---------------------------------+
; Analysis & Elaboration Messages ;
+---------------------------------+
Info: *******************************************************************
Info: Running Quartus Prime Analysis & Elaboration
    Info: Version 18.1.0 Build 625 09/12/2018 SJ Lite Edition
    Info: Processing started: Tue May 07 20:35:01 2024
Info: Command: quartus_map --read_settings_files=on --write_settings_files=off EE_309_PROJECT -c EE_309_PROJECT --analysis_and_elaboration
Warning (18236): Number of processors has not been specified which may cause overloading on shared machines.  Set the global assignment NUM_PARALLEL_PROCESSORS in your QSF to an appropriate value for best performance.
Info (20030): Parallel compilation is enabled and will use 16 of the 16 processors detected
Info (12021): Found 2 design units, including 1 entities, in source file pipeline_5.vhdl
    Info (12022): Found design unit 1: pipeline_5-Behavioral File: C:/Users/ASUS/OneDrive/Desktop/IITB-RISC/pipeline_5.vhdl Line: 13
    Info (12023): Found entity 1: pipeline_5 File: C:/Users/ASUS/OneDrive/Desktop/IITB-RISC/pipeline_5.vhdl Line: 6
Info (12021): Found 2 design units, including 1 entities, in source file pipeline_4.vhdl
    Info (12022): Found design unit 1: pipeline_4-Behavioral File: C:/Users/ASUS/OneDrive/Desktop/IITB-RISC/pipeline_4.vhdl Line: 13
    Info (12023): Found entity 1: pipeline_4 File: C:/Users/ASUS/OneDrive/Desktop/IITB-RISC/pipeline_4.vhdl Line: 6
Info (12021): Found 2 design units, including 1 entities, in source file pipeline_3.vhdl
    Info (12022): Found design unit 1: pipeline_3-Behavioral File: C:/Users/ASUS/OneDrive/Desktop/IITB-RISC/pipeline_3.vhdl Line: 13
    Info (12023): Found entity 1: pipeline_3 File: C:/Users/ASUS/OneDrive/Desktop/IITB-RISC/pipeline_3.vhdl Line: 6
Info (12021): Found 2 design units, including 1 entities, in source file pipeline_2.vhdl
    Info (12022): Found design unit 1: pipeline_2-Behavioral File: C:/Users/ASUS/OneDrive/Desktop/IITB-RISC/pipeline_2.vhdl Line: 13
    Info (12023): Found entity 1: pipeline_2 File: C:/Users/ASUS/OneDrive/Desktop/IITB-RISC/pipeline_2.vhdl Line: 6
Info (12021): Found 2 design units, including 1 entities, in source file pipeline_1.vhdl
    Info (12022): Found design unit 1: pipeline_1-Behavioral File: C:/Users/ASUS/OneDrive/Desktop/IITB-RISC/pipeline_1.vhdl Line: 13
    Info (12023): Found entity 1: pipeline_1 File: C:/Users/ASUS/OneDrive/Desktop/IITB-RISC/pipeline_1.vhdl Line: 6
Info (12021): Found 2 design units, including 1 entities, in source file temp_reg.vhdl
    Info (12022): Found design unit 1: temp_reg-Behavioral File: C:/Users/ASUS/OneDrive/Desktop/IITB-RISC/TEMP_REG.vhdl Line: 14
    Info (12023): Found entity 1: temp_reg File: C:/Users/ASUS/OneDrive/Desktop/IITB-RISC/TEMP_REG.vhdl Line: 6
Info (12021): Found 2 design units, including 1 entities, in source file register_file.vhdl
    Info (12022): Found design unit 1: Register_File-Behavioral File: C:/Users/ASUS/OneDrive/Desktop/IITB-RISC/REGISTER_FILE.vhdl Line: 21
    Info (12023): Found entity 1: Register_File File: C:/Users/ASUS/OneDrive/Desktop/IITB-RISC/REGISTER_FILE.vhdl Line: 5
Info (12021): Found 2 design units, including 1 entities, in source file memory.vhdl
    Info (12022): Found design unit 1: Memory-Behavioral File: C:/Users/ASUS/OneDrive/Desktop/IITB-RISC/MEMORY.vhdl Line: 15
    Info (12023): Found entity 1: Memory File: C:/Users/ASUS/OneDrive/Desktop/IITB-RISC/MEMORY.vhdl Line: 5
Info (12021): Found 2 design units, including 1 entities, in source file leftshifter.vhdl
    Info (12022): Found design unit 1: LeftShifter-Behavioral File: C:/Users/ASUS/OneDrive/Desktop/IITB-RISC/LEFTSHIFTER.vhdl Line: 12
    Info (12023): Found entity 1: LeftShifter File: C:/Users/ASUS/OneDrive/Desktop/IITB-RISC/LEFTSHIFTER.vhdl Line: 6
Info (12021): Found 2 design units, including 1 entities, in source file alu.vhdl
    Info (12022): Found design unit 1: Alu-Behavioral File: C:/Users/ASUS/OneDrive/Desktop/IITB-RISC/ALU.vhdl Line: 18
    Info (12023): Found entity 1: Alu File: C:/Users/ASUS/OneDrive/Desktop/IITB-RISC/ALU.vhdl Line: 5
Info (12021): Found 2 design units, including 1 entities, in source file iitb_risc.vhd
    Info (12022): Found design unit 1: IITB_RISC-beh File: C:/Users/ASUS/OneDrive/Desktop/IITB-RISC/IITB_RISC.vhd Line: 11
    Info (12023): Found entity 1: IITB_RISC File: C:/Users/ASUS/OneDrive/Desktop/IITB-RISC/IITB_RISC.vhd Line: 5
Error (10482): VHDL error at IITB_RISC.vhd(32): object "fsm" is used but not declared File: C:/Users/ASUS/OneDrive/Desktop/IITB-RISC/IITB_RISC.vhd Line: 32
Error: Quartus Prime Analysis & Elaboration was unsuccessful. 1 error, 1 warning
    Error: Peak virtual memory: 4781 megabytes
    Error: Processing ended: Tue May 07 20:35:12 2024
    Error: Elapsed time: 00:00:11
    Error: Total CPU time (on all processors): 00:00:08


